# JRE version: Java(TM) SE Runtime Environment (8.0_60-b27) (build 1.8.0_60-b27)
# Java VM: Java HotSpot(TM) 64-Bit Server VM (25.60-b23 mixed mode bsd-amd64 compressed oops)
Heap:
 PSYoungGen      total 1278464K, used 6942K [0x000000076ab00000, 0x00000007bf300000, 0x00000007c0000000)
  eden space 1177600K, 0% used [0x000000076ab00000,0x000000076ab00000,0x00000007b2900000)
  from space 100864K, 6% used [0x00000007b9080000,0x00000007b9747820,0x00000007bf300000)
  to   space 103424K, 0% used [0x00000007b2900000,0x00000007b2900000,0x00000007b8e00000)
 ParOldGen       total 308224K, used 81045K [0x00000006c0000000, 0x00000006d2d00000, 0x000000076ab00000)
  object space 308224K, 26% used [0x00000006c0000000,0x00000006c4f25788,0x00000006d2d00000)
 Metaspace       used 135140K, capacity 141237K, committed 141592K, reserved 1175552K
  class space    used 13487K, capacity 15049K, committed 15152K, reserved 1048576K
GC Heap History (10 events):
Event: 568.351 GC heap after
Heap after GC invocations=35 (full 5):
 PSYoungGen      total 1263616K, used 21615K [0x000000076ab00000, 0x00000007bf380000, 0x00000007c0000000)
  eden space 1145344K, 0% used [0x000000076ab00000,0x000000076ab00000,0x00000007b0980000)
  from space 118272K, 18% used [0x00000007b7980000,0x00000007b8e9bef8,0x00000007bed00000)
  to   space 114688K, 0% used [0x00000007b0980000,0x00000007b0980000,0x00000007b7980000)
 ParOldGen       total 308224K, used 72806K [0x00000006c0000000, 0x00000006d2d00000, 0x000000076ab00000)
  object space 308224K, 23% used [0x00000006c0000000,0x00000006c4719ba0,0x00000006d2d00000)
 Metaspace       used 134193K, capacity 139411K, committed 139544K, reserved 1173504K
  class space    used 13392K, capacity 14865K, committed 14896K, reserved 1048576K
}
Event: 568.542 GC heap before
{Heap before GC invocations=36 (full 5):
 PSYoungGen      total 1263616K, used 1166067K [0x000000076ab00000, 0x00000007bf380000, 0x00000007c0000000)
  eden space 1145344K, 99% used [0x000000076ab00000,0x00000007b08a0ea0,0x00000007b0980000)
  from space 118272K, 18% used [0x00000007b7980000,0x00000007b8e9bef8,0x00000007bed00000)
  to   space 114688K, 0% used [0x00000007b0980000,0x00000007b0980000,0x00000007b7980000)
 ParOldGen       total 308224K, used 72806K [0x00000006c0000000, 0x00000006d2d00000, 0x000000076ab00000)
  object space 308224K, 23% used [0x00000006c0000000,0x00000006c4719ba0,0x00000006d2d00000)
 Metaspace       used 134193K, capacity 139411K, committed 139544K, reserved 1173504K
  class space    used 13392K, capacity 14865K, committed 14896K, reserved 1048576K
Event: 568.565 GC heap after
Heap after GC invocations=36 (full 5):
 PSYoungGen      total 1260032K, used 18223K [0x000000076ab00000, 0x00000007bf680000, 0x00000007c0000000)
  eden space 1145344K, 0% used [0x000000076ab00000,0x000000076ab00000,0x00000007b0980000)
  from space 114688K, 15% used [0x00000007b0980000,0x00000007b1b4bef8,0x00000007b7980000)
  to   space 111616K, 0% used [0x00000007b8980000,0x00000007b8980000,0x00000007bf680000)
 ParOldGen       total 308224K, used 72814K [0x00000006c0000000, 0x00000006d2d00000, 0x000000076ab00000)
  object space 308224K, 23% used [0x00000006c0000000,0x00000006c471bba0,0x00000006d2d00000)
 Metaspace       used 134193K, capacity 139411K, committed 139544K, reserved 1173504K
  class space    used 13392K, capacity 14865K, committed 14896K, reserved 1048576K
}
Event: 568.762 GC heap before
{Heap before GC invocations=37 (full 5):
 PSYoungGen      total 1260032K, used 1162932K [0x000000076ab00000, 0x00000007bf680000, 0x00000007c0000000)
  eden space 1145344K, 99% used [0x000000076ab00000,0x00000007b08e1270,0x00000007b0980000)
  from space 114688K, 15% used [0x00000007b0980000,0x00000007b1b4bef8,0x00000007b7980000)
  to   space 111616K, 0% used [0x00000007b8980000,0x00000007b8980000,0x00000007bf680000)
 ParOldGen       total 308224K, used 72814K [0x00000006c0000000, 0x00000006d2d00000, 0x000000076ab00000)
  object space 308224K, 23% used [0x00000006c0000000,0x00000006c471bba0,0x00000006d2d00000)
 Metaspace       used 134193K, capacity 139411K, committed 139544K, reserved 1173504K
  class space    used 13392K, capacity 14865K, committed 14896K, reserved 1048576K
Event: 568.772 GC heap after
Heap after GC invocations=37 (full 5):
 PSYoungGen      total 1279488K, used 15503K [0x000000076ab00000, 0x00000007bf700000, 0x00000007c0000000)
  eden space 1167872K, 0% used [0x000000076ab00000,0x000000076ab00000,0x00000007b1f80000)
  from space 111616K, 13% used [0x00000007b8980000,0x00000007b98a3ed8,0x00000007bf680000)
  to   space 108544K, 0% used [0x00000007b1f80000,0x00000007b1f80000,0x00000007b8980000)
 ParOldGen       total 308224K, used 77070K [0x00000006c0000000, 0x00000006d2d00000, 0x000000076ab00000)
  object space 308224K, 25% used [0x00000006c0000000,0x00000006c4b43be0,0x00000006d2d00000)
 Metaspace       used 134193K, capacity 139411K, committed 139544K, reserved 1173504K
  class space    used 13392K, capacity 14865K, committed 14896K, reserved 1048576K
}
Event: 605.090 GC heap before
{Heap before GC invocations=38 (full 5):
 PSYoungGen      total 1279488K, used 1183375K [0x000000076ab00000, 0x00000007bf700000, 0x00000007c0000000)
  eden space 1167872K, 100% used [0x000000076ab00000,0x00000007b1f80000,0x00000007b1f80000)
  from space 111616K, 13% used [0x00000007b8980000,0x00000007b98a3ed8,0x00000007bf680000)
  to   space 108544K, 0% used [0x00000007b1f80000,0x00000007b1f80000,0x00000007b8980000)
 ParOldGen       total 308224K, used 77070K [0x00000006c0000000, 0x00000006d2d00000, 0x000000076ab00000)
  object space 308224K, 25% used [0x00000006c0000000,0x00000006c4b43be0,0x00000006d2d00000)
 Metaspace       used 135073K, capacity 141167K, committed 141336K, reserved 1175552K
  class space    used 13485K, capacity 15048K, committed 15152K, reserved 1048576K
Event: 605.113 GC heap after
Heap after GC invocations=38 (full 5):
 PSYoungGen      total 1276416K, used 11823K [0x000000076ab00000, 0x00000007bf800000, 0x00000007c0000000)
  eden space 1167872K, 0% used [0x000000076ab00000,0x000000076ab00000,0x00000007b1f80000)
  from space 108544K, 10% used [0x00000007b1f80000,0x00000007b2b0bd48,0x00000007b8980000)
  to   space 105984K, 0% used [0x00000007b9080000,0x00000007b9080000,0x00000007bf800000)
 ParOldGen       total 308224K, used 80341K [0x00000006c0000000, 0x00000006d2d00000, 0x000000076ab00000)
  object space 308224K, 26% used [0x00000006c0000000,0x00000006c4e75788,0x00000006d2d00000)
 Metaspace       used 135073K, capacity 141167K, committed 141336K, reserved 1175552K
  class space    used 13485K, capacity 15048K, committed 15152K, reserved 1048576K
}
Event: 618.383 GC heap before
{Heap before GC invocations=39 (full 5):
 PSYoungGen      total 1276416K, used 115244K [0x000000076ab00000, 0x00000007bf800000, 0x00000007c0000000)
  eden space 1167872K, 8% used [0x000000076ab00000,0x0000000770fff388,0x00000007b1f80000)
  from space 108544K, 10% used [0x00000007b1f80000,0x00000007b2b0bd48,0x00000007b8980000)
  to   space 105984K, 0% used [0x00000007b9080000,0x00000007b9080000,0x00000007bf800000)
 ParOldGen       total 308224K, used 80341K [0x00000006c0000000, 0x00000006d2d00000, 0x000000076ab00000)
  object space 308224K, 26% used [0x00000006c0000000,0x00000006c4e75788,0x00000006d2d00000)
 Metaspace       used 135140K, capacity 141237K, committed 141592K, reserved 1175552K
  class space    used 13487K, capacity 15049K, committed 15152K, reserved 1048576K
Event: 618.391 GC heap after
Heap after GC invocations=39 (full 5):
 PSYoungGen      total 1278464K, used 6942K [0x000000076ab00000, 0x00000007bf300000, 0x00000007c0000000)
  eden space 1177600K, 0% used [0x000000076ab00000,0x000000076ab00000,0x00000007b2900000)
  from space 100864K, 6% used [0x00000007b9080000,0x00000007b9747820,0x00000007bf300000)
  to   space 103424K, 0% used [0x00000007b2900000,0x00000007b2900000,0x00000007b8e00000)
 ParOldGen       total 308224K, used 81045K [0x00000006c0000000, 0x00000006d2d00000, 0x000000076ab00000)
  object space 308224K, 26% used [0x00000006c0000000,0x00000006c4f25788,0x00000006d2d00000)
 Metaspace       used 135140K, capacity 141237K, committed 141592K, reserved 1175552K
  class space    used 13487K, capacity 15049K, committed 15152K, reserved 1048576K
}
Event: 618.391 GC heap before
{Heap before GC invocations=40 (full 6):
 PSYoungGen      total 1278464K, used 6942K [0x000000076ab00000, 0x00000007bf300000, 0x00000007c0000000)
  eden space 1177600K, 0% used [0x000000076ab00000,0x000000076ab00000,0x00000007b2900000)
  from space 100864K, 6% used [0x00000007b9080000,0x00000007b9747820,0x00000007bf300000)
  to   space 103424K, 0% used [0x00000007b2900000,0x00000007b2900000,0x00000007b8e00000)
 ParOldGen       total 308224K, used 81045K [0x00000006c0000000, 0x00000006d2d00000, 0x000000076ab00000)
  object space 308224K, 26% used [0x00000006c0000000,0x00000006c4f25788,0x00000006d2d00000)
 Metaspace       used 135140K, capacity 141237K, committed 141592K, reserved 1175552K
  class space    used 13487K, capacity 15049K, committed 15152K, reserved 1048576K

